2024-06-21 20:54:06,929 - INFO - Processing URL: https://santacasariodejaneiro.com.br/
2024-06-21 20:54:13,528 - INFO - Processing URL: https://santacasariodejaneiro.com.br/contato/
2024-06-21 20:54:13,528 - INFO - Processing URL: https://santacasariodejaneiro.com.br/plano-funeral/
2024-06-21 20:54:13,529 - INFO - Processing URL: https://santacasariodejaneiro.com.br/plano-familia-diamante/
2024-06-21 20:54:13,529 - INFO - Processing URL: https://santacasariodejaneiro.com.br/como-superar-uma-perda-repentina/
2024-06-21 20:54:13,530 - INFO - Processing URL: https://santacasariodejaneiro.com.br/condicoes-gerais/
2024-06-21 20:55:20,729 - INFO - Processing URL: https://santacasariodejaneiro.com.br/
2024-06-21 20:57:28,712 - INFO - Processing URL: https://santacasariodejaneiro.com.br/
2024-06-21 21:00:01,160 - INFO - Processing URL: https://santacasariodejaneiro.com.br/
2024-06-21 21:00:08,554 - INFO - Processing URL: https://santacasariodejaneiro.com.br/condicoes-gerais/
2024-06-21 21:00:08,554 - INFO - Processing URL: https://santacasariodejaneiro.com.br/como-superar-uma-perda-repentina/
2024-06-21 21:00:08,555 - INFO - Processing URL: https://santacasariodejaneiro.com.br/plano-familia-diamante/
2024-06-21 21:00:08,555 - INFO - Processing URL: https://santacasariodejaneiro.com.br
2024-06-21 21:00:08,555 - INFO - Processing URL: https://santacasariodejaneiro.com.br/plano-familia-bronze/
2024-06-21 21:15:42,111 - INFO - Processing URL: https://santacasariodejaneiro.com.br/
2024-06-21 21:15:47,041 - INFO - Processing URL: https://santacasariodejaneiro.com.br/plano-individual-ouro/
2024-06-21 21:15:47,042 - INFO - Processing URL: https://santacasariodejaneiro.com.br/plano-funeral/
2024-06-21 21:15:47,042 - INFO - Processing URL: https://santacasariodejaneiro.com.br/condicoes-gerais/
2024-06-21 21:15:47,043 - INFO - Processing URL: https://santacasariodejaneiro.com.br/contato/
2024-06-21 21:15:47,044 - INFO - Processing URL: https://santacasariodejaneiro.com.br
2024-06-21 21:25:50,695 - INFO - Processing URL: https://santacasariodejaneiro.com.br/
2024-06-21 21:25:58,634 - INFO - Processing URL: https://santacasariodejaneiro.com.br/plano-individual-ouro/
2024-06-21 21:25:58,634 - INFO - Processing URL: https://santacasariodejaneiro.com.br/plano-familia-bronze/
2024-06-21 21:25:58,635 - INFO - Processing URL: https://santacasariodejaneiro.com.br
2024-06-21 21:25:58,635 - INFO - Processing URL: https://santacasariodejaneiro.com.br/como-superar-a-culpa-e-o-arrependimento-apos-uma-perda/
2024-06-21 21:25:58,635 - INFO - Processing URL: https://santacasariodejaneiro.com.br/contato/
2024-06-22 13:50:11,444 - INFO - Processing URL: https://santacasariodejaneiro.com.br/
2024-06-22 13:50:19,449 - INFO - Processing URL: https://santacasariodejaneiro.com.br/plano-individual-ouro/
2024-06-22 13:50:19,450 - INFO - Processing URL: https://santacasariodejaneiro.com.br/plano-individual-bronze/
2024-06-22 13:50:19,451 - INFO - Processing URL: https://santacasariodejaneiro.com.br/plano-familia-cremacao/
2024-06-22 13:50:19,452 - INFO - Processing URL: https://santacasariodejaneiro.com.br
2024-06-22 13:50:19,453 - INFO - Processing URL: https://santacasariodejaneiro.com.br/blog/
2024-06-22 13:54:23,905 - INFO - Processing URL: https://santacasariodejaneiro.com.br/
2024-06-22 13:54:29,250 - INFO - Processing URL: https://santacasariodejaneiro.com.br/como-superar-a-culpa-e-o-arrependimento-apos-uma-perda/
2024-06-22 13:54:29,250 - INFO - Processing URL: https://santacasariodejaneiro.com.br/condicoes-gerais/
2024-06-22 13:54:29,251 - INFO - Processing URL: https://santacasariodejaneiro.com.br/contato/
2024-06-22 13:54:29,251 - INFO - Processing URL: https://santacasariodejaneiro.com.br/plano-individual-ouro/
2024-06-22 13:54:29,251 - INFO - Processing URL: https://santacasariodejaneiro.com.br/como-superar-uma-perda-repentina/
2024-06-22 13:55:50,637 - INFO - Processing URL: https://santacasariodejaneiro.com.br/blog/
2024-06-22 13:55:50,638 - INFO - Processing URL: https://santacasariodejaneiro.com.br/duvidas/
2024-06-22 13:55:50,639 - INFO - Processing URL: https://santacasariodejaneiro.com.br/os-beneficios-de-adquirir-um-plano-funerario-para-toda-a-familia/
2024-06-22 13:55:50,640 - INFO - Processing URL: https://santacasariodejaneiro.com.br/plano-funeral/
2024-06-22 13:55:50,642 - INFO - Processing URL: https://santacasariodejaneiro.com.br/sobre-nos/
2024-06-22 13:58:15,804 - INFO - Processing URL: https://santacasariodejaneiro.com.br
2024-06-22 13:58:15,807 - INFO - Processing URL: https://santacasariodejaneiro.com.br/category/superacao/
2024-06-22 13:58:15,808 - INFO - Processing URL: https://santacasariodejaneiro.com.br/category/plano-funerario/
2024-06-22 13:58:15,810 - INFO - Processing URL: https://santacasariodejaneiro.com.br/plano-familia-ouro/
2024-06-22 13:58:15,812 - INFO - Processing URL: https://santacasariodejaneiro.com.br/plano-individual-cremacao/
2024-06-22 14:00:23,702 - INFO - Processing URL: https://santacasariodejaneiro.com.br/plano-familia-bronze/
2024-06-22 14:00:23,704 - INFO - Processing URL: https://santacasariodejaneiro.com.br/plano-individual-diamante/
2024-06-22 14:00:23,705 - INFO - Processing URL: https://santacasariodejaneiro.com.br/plano-familia-cremacao/
2024-06-22 14:00:23,706 - INFO - Processing URL: https://santacasariodejaneiro.com.br/plano-familia-diamante/
2024-06-22 14:00:23,707 - INFO - Processing URL: https://santacasariodejaneiro.com.br/plano-individual-bronze/
2024-06-22 14:00:23,713 - ERROR - Error fetching URL https://santacasariodejaneiro.com.br/plano-individual-diamante/: Cannot connect to host santacasariodejaneiro.com.br:443 ssl:default [getaddrinfo failed]
2024-06-22 14:00:23,714 - ERROR - Error fetching URL https://santacasariodejaneiro.com.br/plano-familia-bronze/: Cannot connect to host santacasariodejaneiro.com.br:443 ssl:default [getaddrinfo failed]
2024-06-22 14:00:23,714 - ERROR - Error fetching URL https://santacasariodejaneiro.com.br/plano-familia-cremacao/: Cannot connect to host santacasariodejaneiro.com.br:443 ssl:default [getaddrinfo failed]
2024-06-22 14:00:23,715 - ERROR - Error fetching URL https://santacasariodejaneiro.com.br/plano-familia-diamante/: Cannot connect to host santacasariodejaneiro.com.br:443 ssl:default [getaddrinfo failed]
2024-06-22 14:00:23,715 - ERROR - Error fetching URL https://santacasariodejaneiro.com.br/plano-individual-bronze/: Cannot connect to host santacasariodejaneiro.com.br:443 ssl:default [getaddrinfo failed]
2024-06-22 14:01:46,570 - INFO - Processing URL: https://santacasariodejaneiro.com.br/plano-familia-bronze/
2024-06-22 14:01:46,571 - INFO - Processing URL: https://santacasariodejaneiro.com.br/plano-individual-diamante/
2024-06-22 14:01:46,571 - INFO - Processing URL: https://santacasariodejaneiro.com.br/plano-familia-cremacao/
2024-06-22 14:01:46,572 - INFO - Processing URL: https://santacasariodejaneiro.com.br/plano-familia-diamante/
2024-06-22 14:01:46,572 - INFO - Processing URL: https://santacasariodejaneiro.com.br/plano-individual-bronze/
